Started GET "/todos.1" for 127.0.0.1 at 2018-01-26 16:25:55 +0800
  
ActiveRecord::PendingMigrationError (

Migrations are pending. To resolve this issue, run:

        bin/rails db:migrate RAILS_ENV=development

):
  
activerecord (5.1.4) lib/active_record/migration.rb:576:in `check_pending!'
activerecord (5.1.4) lib/active_record/migration.rb:553:in `call'
actionpack (5.1.4) lib/action_dispatch/middleware/callbacks.rb:26:in `block in call'
activesupport (5.1.4) lib/active_support/callbacks.rb:97:in `run_callbacks'
actionpack (5.1.4) lib/action_dispatch/middleware/callbacks.rb:24:in `call'
actionpack (5.1.4) lib/action_dispatch/middleware/executor.rb:12:in `call'
actionpack (5.1.4) lib/action_dispatch/middleware/debug_exceptions.rb:59:in `call'
web-console (3.5.1) lib/web_console/middleware.rb:135:in `call_app'
web-console (3.5.1) lib/web_console/middleware.rb:28:in `block in call'
web-console (3.5.1) lib/web_console/middleware.rb:18:in `catch'
web-console (3.5.1) lib/web_console/middleware.rb:18:in `call'
actionpack (5.1.4) lib/action_dispatch/middleware/show_exceptions.rb:31:in `call'
railties (5.1.4) lib/rails/rack/logger.rb:36:in `call_app'
railties (5.1.4) lib/rails/rack/logger.rb:24:in `block in call'
activesupport (5.1.4) lib/active_support/tagged_logging.rb:69:in `block in tagged'
activesupport (5.1.4) lib/active_support/tagged_logging.rb:26:in `tagged'
activesupport (5.1.4) lib/active_support/tagged_logging.rb:69:in `tagged'
railties (5.1.4) lib/rails/rack/logger.rb:24:in `call'
sprockets-rails (3.2.1) lib/sprockets/rails/quiet_assets.rb:13:in `call'
actionpack (5.1.4) lib/action_dispatch/middleware/remote_ip.rb:79:in `call'
actionpack (5.1.4) lib/action_dispatch/middleware/request_id.rb:25:in `call'
rack (2.0.3) lib/rack/method_override.rb:22:in `call'
rack (2.0.3) lib/rack/runtime.rb:22:in `call'
activesupport (5.1.4) lib/active_support/cache/strategy/local_cache_middleware.rb:27:in `call'
actionpack (5.1.4) lib/action_dispatch/middleware/executor.rb:12:in `call'
actionpack (5.1.4) lib/action_dispatch/middleware/static.rb:125:in `call'
rack (2.0.3) lib/rack/sendfile.rb:111:in `call'
railties (5.1.4) lib/rails/engine.rb:522:in `call'
puma (3.10.0) lib/puma/configuration.rb:225:in `call'
puma (3.10.0) lib/puma/server.rb:605:in `handle_request'
puma (3.10.0) lib/puma/server.rb:437:in `process_client'
puma (3.10.0) lib/puma/server.rb:301:in `block in run'
puma (3.10.0) lib/puma/thread_pool.rb:120:in `block in spawn_thread'
Started GET "/" for 127.0.0.1 at 2018-01-26 16:26:00 +0800
  
ActiveRecord::PendingMigrationError (

Migrations are pending. To resolve this issue, run:

        bin/rails db:migrate RAILS_ENV=development

):
  
activerecord (5.1.4) lib/active_record/migration.rb:576:in `check_pending!'
activerecord (5.1.4) lib/active_record/migration.rb:553:in `call'
actionpack (5.1.4) lib/action_dispatch/middleware/callbacks.rb:26:in `block in call'
activesupport (5.1.4) lib/active_support/callbacks.rb:97:in `run_callbacks'
actionpack (5.1.4) lib/action_dispatch/middleware/callbacks.rb:24:in `call'
actionpack (5.1.4) lib/action_dispatch/middleware/executor.rb:12:in `call'
actionpack (5.1.4) lib/action_dispatch/middleware/debug_exceptions.rb:59:in `call'
web-console (3.5.1) lib/web_console/middleware.rb:135:in `call_app'
web-console (3.5.1) lib/web_console/middleware.rb:28:in `block in call'
web-console (3.5.1) lib/web_console/middleware.rb:18:in `catch'
web-console (3.5.1) lib/web_console/middleware.rb:18:in `call'
actionpack (5.1.4) lib/action_dispatch/middleware/show_exceptions.rb:31:in `call'
railties (5.1.4) lib/rails/rack/logger.rb:36:in `call_app'
railties (5.1.4) lib/rails/rack/logger.rb:24:in `block in call'
activesupport (5.1.4) lib/active_support/tagged_logging.rb:69:in `block in tagged'
activesupport (5.1.4) lib/active_support/tagged_logging.rb:26:in `tagged'
activesupport (5.1.4) lib/active_support/tagged_logging.rb:69:in `tagged'
railties (5.1.4) lib/rails/rack/logger.rb:24:in `call'
sprockets-rails (3.2.1) lib/sprockets/rails/quiet_assets.rb:13:in `call'
actionpack (5.1.4) lib/action_dispatch/middleware/remote_ip.rb:79:in `call'
actionpack (5.1.4) lib/action_dispatch/middleware/request_id.rb:25:in `call'
rack (2.0.3) lib/rack/method_override.rb:22:in `call'
rack (2.0.3) lib/rack/runtime.rb:22:in `call'
activesupport (5.1.4) lib/active_support/cache/strategy/local_cache_middleware.rb:27:in `call'
actionpack (5.1.4) lib/action_dispatch/middleware/executor.rb:12:in `call'
actionpack (5.1.4) lib/action_dispatch/middleware/static.rb:125:in `call'
rack (2.0.3) lib/rack/sendfile.rb:111:in `call'
railties (5.1.4) lib/rails/engine.rb:522:in `call'
puma (3.10.0) lib/puma/configuration.rb:225:in `call'
puma (3.10.0) lib/puma/server.rb:605:in `handle_request'
puma (3.10.0) lib/puma/server.rb:437:in `process_client'
puma (3.10.0) lib/puma/server.rb:301:in `block in run'
puma (3.10.0) lib/puma/thread_pool.rb:120:in `block in spawn_thread'
  [1m[35m (15.1ms)[0m  [1m[34mSELECT sqlite_version(*)[0m
  [1m[35m (2.6ms)[0m  [1m[35mCREATE TABLE "schema_migrations" ("version" varchar NOT NULL PRIMARY KEY)[0m
  [1m[35m (2.3ms)[0m  [1m[35mCREATE TABLE "ar_internal_metadata" ("key" varchar NOT NULL PRIMARY KEY, "value" varchar, "created_at" datetime NOT NULL, "updated_at" datetime NOT NULL)[0m
  [1m[35m (0.3ms)[0m  [1m[34mSELECT "schema_migrations"."version" FROM "schema_migrations" ORDER BY "schema_migrations"."version" ASC[0m
Migrating to CreateLists (20171011122854)
  [1m[35m (0.2ms)[0m  [1m[36mbegin transaction[0m
  [1m[35m (1.0ms)[0m  [1m[35mCREATE TABLE "lists" ("id" INTEGER PRIMARY KEY AUTOINCREMENT NOT NULL, "name" varchar, "due" date, "note" text, "created_at" datetime NOT NULL, "updated_at" datetime NOT NULL)[0m
  [1m[35mSQL (0.4ms)[0m  [1m[32mINSERT INTO "schema_migrations" ("version") VALUES (?)[0m  [["version", "20171011122854"]]
  [1m[35m (2.5ms)[0m  [1m[36mcommit transaction[0m
  [1m[36mActiveRecord::InternalMetadata Load (0.3ms)[0m  [1m[34mSELECT  "ar_internal_metadata".* FROM "ar_internal_metadata" WHERE "ar_internal_metadata"."key" = ? LIMIT ?[0m  [["key", "environment"], ["LIMIT", 1]]
  [1m[35m (0.2ms)[0m  [1m[36mbegin transaction[0m
  [1m[35mSQL (1.0ms)[0m  [1m[32mINSERT INTO "ar_internal_metadata" ("key", "value", "created_at", "updated_at") VALUES (?, ?, ?, ?)[0m  [["key", "environment"], ["value", "development"], ["created_at", "2018-01-26 08:27:47.233637"], ["updated_at", "2018-01-26 08:27:47.233637"]]
  [1m[35m (1.8ms)[0m  [1m[36mcommit transaction[0m
  [1m[35m (0.3ms)[0m  [1m[34mSELECT "schema_migrations"."version" FROM "schema_migrations" ORDER BY "schema_migrations"."version" ASC[0m
Started GET "/" for 127.0.0.1 at 2018-01-26 16:28:11 +0800
  [1m[35m (9.0ms)[0m  [1m[34mSELECT "schema_migrations"."version" FROM "schema_migrations" ORDER BY "schema_migrations"."version" ASC[0m
Processing by ListsController#index as HTML
  Rendering lists/index.html.erb within layouts/application
  [1m[36mList Load (19.5ms)[0m  [1m[34mSELECT "lists".* FROM "lists"[0m
  Rendered lists/index.html.erb within layouts/application (27.0ms)
Completed 200 OK in 13997ms (Views: 13903.8ms | ActiveRecord: 20.2ms)


Started GET "/lists/new" for 127.0.0.1 at 2018-01-26 16:28:30 +0800
Processing by ListsController#new as HTML
  Rendering lists/new.html.erb within layouts/application
  Rendered lists/_form.html.erb (138.1ms)
  Rendered lists/new.html.erb within layouts/application (147.0ms)
Completed 200 OK in 340ms (Views: 246.4ms | ActiveRecord: 2.1ms)


Started POST "/lists" for 127.0.0.1 at 2018-01-26 16:28:47 +0800
Processing by ListsController#create as HTML
  Parameters: {"utf8"=>"✓", "authenticity_token"=>"ICpdKA7ziHDNpQbR7zrOGYs1v1mWvOk3F3f2ypJMj5FlkuSbKwEmwMASRSyY10A1G0VplgpdFpLzdg//UCdgLw==", "list"=>{"name"=>"clean", "due"=>"2018-02-15", "note"=>"Just do it!"}, "commit"=>"Create List"}
  [1m[35m (1.4ms)[0m  [1m[36mbegin transaction[0m
  [1m[35mSQL (47.3ms)[0m  [1m[32mINSERT INTO "lists" ("name", "due", "note", "created_at", "updated_at") VALUES (?, ?, ?, ?, ?)[0m  [["name", "clean"], ["due", "2018-02-15"], ["note", "Just do it!"], ["created_at", "2018-01-26 08:28:47.101515"], ["updated_at", "2018-01-26 08:28:47.101515"]]
  [1m[35m (59.9ms)[0m  [1m[36mcommit transaction[0m
Redirected to http://localhost:3000/lists
Completed 302 Found in 166ms (ActiveRecord: 108.6ms)


Started GET "/lists" for 127.0.0.1 at 2018-01-26 16:28:47 +0800
Processing by ListsController#index as HTML
  Rendering lists/index.html.erb within layouts/application
  [1m[36mList Load (0.6ms)[0m  [1m[34mSELECT "lists".* FROM "lists"[0m
  Rendered lists/index.html.erb within layouts/application (39.9ms)
Completed 200 OK in 317ms (Views: 278.7ms | ActiveRecord: 0.6ms)


Started GET "/lists/1" for 127.0.0.1 at 2018-01-26 16:28:53 +0800
Processing by ListsController#show as HTML
  Parameters: {"id"=>"1"}
  [1m[36mList Load (0.6ms)[0m  [1m[34mSELECT  "lists".* FROM "lists" WHERE "lists"."id" = ? LIMIT ?[0m  [["id", 1], ["LIMIT", 1]]
  Rendering lists/show.html.erb within layouts/application
  Rendered lists/show.html.erb within layouts/application (92.3ms)
Completed 200 OK in 241ms (Views: 176.7ms | ActiveRecord: 0.6ms)


Started GET "/lists/1/edit" for 127.0.0.1 at 2018-01-26 16:28:57 +0800
Processing by ListsController#edit as HTML
  Parameters: {"id"=>"1"}
  [1m[36mList Load (0.3ms)[0m  [1m[34mSELECT  "lists".* FROM "lists" WHERE "lists"."id" = ? LIMIT ?[0m  [["id", 1], ["LIMIT", 1]]
  Rendering lists/edit.html.erb within layouts/application
  Rendered lists/_form.html.erb (6.3ms)
  Rendered lists/edit.html.erb within layouts/application (13.1ms)
Completed 200 OK in 153ms (Views: 128.1ms | ActiveRecord: 0.3ms)


Started GET "/lists/new" for 127.0.0.1 at 2018-01-26 16:29:01 +0800
Processing by ListsController#new as HTML
  Rendering lists/new.html.erb within layouts/application
  Rendered lists/_form.html.erb (6.1ms)
  Rendered lists/new.html.erb within layouts/application (13.6ms)
Completed 200 OK in 169ms (Views: 125.1ms | ActiveRecord: 0.0ms)


Started POST "/lists" for 127.0.0.1 at 2018-01-26 16:29:09 +0800
Processing by ListsController#create as HTML
  Parameters: {"utf8"=>"✓", "authenticity_token"=>"jUgTKKtc9n512phPMlZvMLqRcUZPLuQn7cPhkmxyLP3I8Kqbjq5Yznht27JFu+EcKuGnidPPG4IJwhinrhnDQw==", "list"=>{"name"=>"Dish washing", "due"=>"2018-01-15", "note"=>"Hot water"}, "commit"=>"Create List"}
  [1m[35m (0.4ms)[0m  [1m[36mbegin transaction[0m
  [1m[35mSQL (1.1ms)[0m  [1m[32mINSERT INTO "lists" ("name", "due", "note", "created_at", "updated_at") VALUES (?, ?, ?, ?, ?)[0m  [["name", "Dish washing"], ["due", "2018-01-15"], ["note", "Hot water"], ["created_at", "2018-01-26 08:29:09.637493"], ["updated_at", "2018-01-26 08:29:09.637493"]]
  [1m[35m (1.9ms)[0m  [1m[36mcommit transaction[0m
Redirected to http://localhost:3000/lists
Completed 302 Found in 13ms (ActiveRecord: 3.4ms)


Started GET "/lists" for 127.0.0.1 at 2018-01-26 16:29:09 +0800
Processing by ListsController#index as HTML
  Rendering lists/index.html.erb within layouts/application
  [1m[36mList Load (0.7ms)[0m  [1m[34mSELECT "lists".* FROM "lists"[0m
  Rendered lists/index.html.erb within layouts/application (8.1ms)
Completed 200 OK in 141ms (Views: 127.7ms | ActiveRecord: 0.7ms)


Started GET "/lists" for 127.0.0.1 at 2018-01-26 16:29:12 +0800
Processing by ListsController#index as HTML
  Rendering lists/index.html.erb within layouts/application
  [1m[36mList Load (0.8ms)[0m  [1m[34mSELECT "lists".* FROM "lists"[0m
  Rendered lists/index.html.erb within layouts/application (13.0ms)
Completed 200 OK in 213ms (Views: 200.6ms | ActiveRecord: 0.8ms)


Started GET "/lists" for 127.0.0.1 at 2018-01-26 16:29:13 +0800
Processing by ListsController#index as HTML
  Rendering lists/index.html.erb within layouts/application
  [1m[36mList Load (1.0ms)[0m  [1m[34mSELECT "lists".* FROM "lists"[0m
  Rendered lists/index.html.erb within layouts/application (28.7ms)
Completed 200 OK in 241ms (Views: 227.1ms | ActiveRecord: 1.0ms)


Started GET "/lists" for 127.0.0.1 at 2018-01-26 16:29:14 +0800
Processing by ListsController#index as HTML
  Rendering lists/index.html.erb within layouts/application
  [1m[36mList Load (2.7ms)[0m  [1m[34mSELECT "lists".* FROM "lists"[0m
  Rendered lists/index.html.erb within layouts/application (13.8ms)
Completed 200 OK in 174ms (Views: 161.8ms | ActiveRecord: 2.7ms)


Started GET "/lists" for 127.0.0.1 at 2018-01-26 16:29:14 +0800
Processing by ListsController#index as HTML
  Rendering lists/index.html.erb within layouts/application
  [1m[36mList Load (0.9ms)[0m  [1m[34mSELECT "lists".* FROM "lists"[0m
  Rendered lists/index.html.erb within layouts/application (9.0ms)
Completed 200 OK in 132ms (Views: 122.6ms | ActiveRecord: 0.9ms)


Started GET "/lists" for 127.0.0.1 at 2018-01-26 16:29:15 +0800
Processing by ListsController#index as HTML
  Rendering lists/index.html.erb within layouts/application
  [1m[36mList Load (1.1ms)[0m  [1m[34mSELECT "lists".* FROM "lists"[0m
  Rendered lists/index.html.erb within layouts/application (15.9ms)
Completed 200 OK in 173ms (Views: 164.0ms | ActiveRecord: 1.1ms)


Started GET "/lists" for 127.0.0.1 at 2018-01-26 16:29:15 +0800
Processing by ListsController#index as HTML
  Rendering lists/index.html.erb within layouts/application
  [1m[36mList Load (0.6ms)[0m  [1m[34mSELECT "lists".* FROM "lists"[0m
  Rendered lists/index.html.erb within layouts/application (8.4ms)
Completed 200 OK in 163ms (Views: 152.3ms | ActiveRecord: 0.6ms)


Started GET "/lists" for 127.0.0.1 at 2018-01-26 16:35:10 +0800
Processing by ListsController#index as HTML
  Rendering lists/index.html.erb within layouts/application
  [1m[36mList Load (6.3ms)[0m  [1m[34mSELECT "lists".* FROM "lists"[0m
  Rendered lists/index.html.erb within layouts/application (71.2ms)
Started GET "/lists" for 127.0.0.1 at 2018-01-26 16:35:11 +0800
Processing by ListsController#index as HTML
  Rendering lists/index.html.erb within layouts/application
  [1m[36mList Load (2.0ms)[0m  [1m[34mSELECT "lists".* FROM "lists"[0m
  Rendered lists/index.html.erb within layouts/application (13.9ms)
Completed 200 OK in 317ms (Views: 302.0ms | ActiveRecord: 2.9ms)


Completed 200 OK in 873ms (Views: 797.9ms | ActiveRecord: 6.3ms)


Started GET "/lists" for 127.0.0.1 at 2018-01-26 16:35:11 +0800
Processing by ListsController#index as HTML
  Rendering lists/index.html.erb within layouts/application
  [1m[36mList Load (0.8ms)[0m  [1m[34mSELECT "lists".* FROM "lists"[0m
  Rendered lists/index.html.erb within layouts/application (9.9ms)
Completed 200 OK in 205ms (Views: 165.2ms | ActiveRecord: 0.8ms)


  [1m[35m (0.4ms)[0m  [1m[34mSELECT "schema_migrations"."version" FROM "schema_migrations" ORDER BY "schema_migrations"."version" ASC[0m
Migrating to AddColumnToLists (20180126083736)
  [1m[35m (0.2ms)[0m  [1m[36mbegin transaction[0m
  [1m[35m (14.7ms)[0m  [1m[35mALTER TABLE "lists" ADD "finished" boolean[0m
  [1m[35mSQL (0.5ms)[0m  [1m[32mINSERT INTO "schema_migrations" ("version") VALUES (?)[0m  [["version", "20180126083736"]]
  [1m[35m (3.7ms)[0m  [1m[36mcommit transaction[0m
  [1m[36mActiveRecord::InternalMetadata Load (1.5ms)[0m  [1m[34mSELECT  "ar_internal_metadata".* FROM "ar_internal_metadata" WHERE "ar_internal_metadata"."key" = ? LIMIT ?[0m  [["key", "environment"], ["LIMIT", 1]]
  [1m[35m (0.2ms)[0m  [1m[36mbegin transaction[0m
  [1m[35m (0.1ms)[0m  [1m[36mcommit transaction[0m
  [1m[35m (0.3ms)[0m  [1m[34mSELECT "schema_migrations"."version" FROM "schema_migrations" ORDER BY "schema_migrations"."version" ASC[0m
Started GET "/lists" for 127.0.0.1 at 2018-01-29 13:44:18 +0800
  [1m[35m (18.1ms)[0m  [1m[34mSELECT "schema_migrations"."version" FROM "schema_migrations" ORDER BY "schema_migrations"."version" ASC[0m
Processing by ListsController#index as HTML
  Rendering lists/index.html.erb within layouts/application
  [1m[36mList Load (0.8ms)[0m  [1m[34mSELECT "lists".* FROM "lists"[0m
  Rendered lists/index.html.erb within layouts/application (52.8ms)
Completed 200 OK in 959ms (Views: 911.3ms | ActiveRecord: 2.3ms)


Started GET "/lists" for 127.0.0.1 at 2018-01-29 13:44:28 +0800
Processing by ListsController#index as HTML
  Rendering lists/index.html.erb within layouts/application
  [1m[36mList Load (0.6ms)[0m  [1m[34mSELECT "lists".* FROM "lists"[0m
  Rendered lists/index.html.erb within layouts/application (11.3ms)
Completed 200 OK in 111ms (Views: 100.8ms | ActiveRecord: 1.4ms)


Started GET "/" for 127.0.0.1 at 2018-01-29 13:59:34 +0800
  [1m[35m (8.0ms)[0m  [1m[34mSELECT "schema_migrations"."version" FROM "schema_migrations" ORDER BY "schema_migrations"."version" ASC[0m
Processing by ListsController#index as HTML
  Rendering lists/index.html.erb within layouts/application
  [1m[36mList Load (0.5ms)[0m  [1m[34mSELECT "lists".* FROM "lists"[0m
  Rendered lists/index.html.erb within layouts/application (50.6ms)
Completed 200 OK in 867ms (Views: 812.9ms | ActiveRecord: 2.9ms)


Started GET "/" for 127.0.0.1 at 2018-01-29 14:02:49 +0800
Processing by ListsController#index as HTML
  Rendering lists/index.html.erb within layouts/application
  [1m[36mList Load (0.7ms)[0m  [1m[34mSELECT "lists".* FROM "lists"[0m
  Rendered lists/index.html.erb within layouts/application (11.2ms)
Completed 200 OK in 154ms (Views: 142.9ms | ActiveRecord: 1.6ms)


Started GET "/lists/1" for 127.0.0.1 at 2018-01-29 14:02:51 +0800
Processing by ListsController#show as HTML
  Parameters: {"id"=>"1"}
  [1m[36mList Load (0.6ms)[0m  [1m[34mSELECT  "lists".* FROM "lists" WHERE "lists"."id" = ? LIMIT ?[0m  [["id", 1], ["LIMIT", 1]]
  Rendering lists/show.html.erb within layouts/application
  Rendered lists/show.html.erb within layouts/application (79.3ms)
Completed 200 OK in 186ms (Views: 147.8ms | ActiveRecord: 0.6ms)


Started GET "/" for 127.0.0.1 at 2018-01-29 14:29:42 +0800
Processing by ListsController#index as HTML
  Rendering lists/index.html.erb within layouts/application
  [1m[36mList Load (0.7ms)[0m  [1m[34mSELECT "lists".* FROM "lists"[0m
  Rendered lists/index.html.erb within layouts/application (8.3ms)
Completed 200 OK in 205ms (Views: 196.9ms | ActiveRecord: 0.7ms)


Started GET "/" for 127.0.0.1 at 2018-01-29 14:29:44 +0800
Processing by ListsController#index as HTML
  Rendering lists/index.html.erb within layouts/application
  [1m[36mList Load (0.5ms)[0m  [1m[34mSELECT "lists".* FROM "lists"[0m
  Rendered lists/index.html.erb within layouts/application (4.9ms)
Completed 200 OK in 77ms (Views: 70.2ms | ActiveRecord: 0.5ms)


Started GET "/" for 127.0.0.1 at 2018-01-29 14:29:46 +0800
Processing by ListsController#index as HTML
  Rendering lists/index.html.erb within layouts/application
  [1m[36mList Load (0.4ms)[0m  [1m[34mSELECT "lists".* FROM "lists"[0m
  Rendered lists/index.html.erb within layouts/application (5.2ms)
Completed 200 OK in 89ms (Views: 82.0ms | ActiveRecord: 0.4ms)


Started GET "/" for 127.0.0.1 at 2018-01-29 14:46:32 +0800
Processing by ListsController#index as HTML
  Rendering lists/index.html.erb within layouts/application
  [1m[36mList Load (0.7ms)[0m  [1m[34mSELECT "lists".* FROM "lists"[0m
  Rendered lists/index.html.erb within layouts/application (6.6ms)
Completed 200 OK in 161ms (Views: 140.8ms | ActiveRecord: 0.7ms)


Started GET "/" for 127.0.0.1 at 2018-01-29 14:46:34 +0800
Processing by ListsController#index as HTML
  Rendering lists/index.html.erb within layouts/application
  [1m[36mList Load (0.4ms)[0m  [1m[34mSELECT "lists".* FROM "lists"[0m
  Rendered lists/index.html.erb within layouts/application (5.4ms)
Completed 200 OK in 76ms (Views: 68.9ms | ActiveRecord: 0.4ms)


Started GET "/" for 127.0.0.1 at 2018-01-29 14:46:57 +0800
Processing by ListsController#index as HTML
  Rendering lists/index.html.erb within layouts/application
  [1m[36mList Load (0.6ms)[0m  [1m[34mSELECT "lists".* FROM "lists"[0m
  Rendered lists/index.html.erb within layouts/application (6.7ms)
Completed 200 OK in 111ms (Views: 100.9ms | ActiveRecord: 0.6ms)


Started GET "/" for 127.0.0.1 at 2018-01-29 14:46:59 +0800
Processing by ListsController#index as HTML
  Rendering lists/index.html.erb within layouts/application
  [1m[36mList Load (0.7ms)[0m  [1m[34mSELECT "lists".* FROM "lists"[0m
  Rendered lists/index.html.erb within layouts/application (7.9ms)
Completed 200 OK in 116ms (Views: 108.8ms | ActiveRecord: 0.7ms)


Started GET "/" for 127.0.0.1 at 2018-01-29 14:48:21 +0800
  [1m[35m (12.5ms)[0m  [1m[34mSELECT "schema_migrations"."version" FROM "schema_migrations" ORDER BY "schema_migrations"."version" ASC[0m
Processing by ListsController#index as HTML
  Rendering lists/index.html.erb within layouts/application
  [1m[36mList Load (0.5ms)[0m  [1m[34mSELECT "lists".* FROM "lists"[0m
  Rendered lists/index.html.erb within layouts/application (42.0ms)
Completed 200 OK in 9485ms (Views: 9436.7ms | ActiveRecord: 1.9ms)


Started GET "/admin/categories" for 127.0.0.1 at 2018-01-29 14:49:51 +0800
  
ActionController::RoutingError (No route matches [GET] "/admin/categories"):
  
actionpack (5.1.4) lib/action_dispatch/middleware/debug_exceptions.rb:63:in `call'
web-console (3.5.1) lib/web_console/middleware.rb:135:in `call_app'
web-console (3.5.1) lib/web_console/middleware.rb:28:in `block in call'
web-console (3.5.1) lib/web_console/middleware.rb:18:in `catch'
web-console (3.5.1) lib/web_console/middleware.rb:18:in `call'
actionpack (5.1.4) lib/action_dispatch/middleware/show_exceptions.rb:31:in `call'
railties (5.1.4) lib/rails/rack/logger.rb:36:in `call_app'
railties (5.1.4) lib/rails/rack/logger.rb:24:in `block in call'
activesupport (5.1.4) lib/active_support/tagged_logging.rb:69:in `block in tagged'
activesupport (5.1.4) lib/active_support/tagged_logging.rb:26:in `tagged'
activesupport (5.1.4) lib/active_support/tagged_logging.rb:69:in `tagged'
railties (5.1.4) lib/rails/rack/logger.rb:24:in `call'
sprockets-rails (3.2.1) lib/sprockets/rails/quiet_assets.rb:13:in `call'
actionpack (5.1.4) lib/action_dispatch/middleware/remote_ip.rb:79:in `call'
actionpack (5.1.4) lib/action_dispatch/middleware/request_id.rb:25:in `call'
rack (2.0.3) lib/rack/method_override.rb:22:in `call'
rack (2.0.3) lib/rack/runtime.rb:22:in `call'
activesupport (5.1.4) lib/active_support/cache/strategy/local_cache_middleware.rb:27:in `call'
actionpack (5.1.4) lib/action_dispatch/middleware/executor.rb:12:in `call'
actionpack (5.1.4) lib/action_dispatch/middleware/static.rb:125:in `call'
rack (2.0.3) lib/rack/sendfile.rb:111:in `call'
railties (5.1.4) lib/rails/engine.rb:522:in `call'
puma (3.10.0) lib/puma/configuration.rb:225:in `call'
puma (3.10.0) lib/puma/server.rb:605:in `handle_request'
puma (3.10.0) lib/puma/server.rb:437:in `process_client'
puma (3.10.0) lib/puma/server.rb:301:in `block in run'
puma (3.10.0) lib/puma/thread_pool.rb:120:in `block in spawn_thread'
Started GET "/" for 127.0.0.1 at 2018-01-29 14:49:53 +0800
Processing by ListsController#index as HTML
  Rendering lists/index.html.erb within layouts/application
  [1m[36mList Load (0.5ms)[0m  [1m[34mSELECT "lists".* FROM "lists"[0m
  Rendered lists/index.html.erb within layouts/application (5.8ms)
Completed 200 OK in 128ms (Views: 120.6ms | ActiveRecord: 0.5ms)


Started GET "/" for 127.0.0.1 at 2018-01-29 14:49:54 +0800
Processing by ListsController#index as HTML
  Rendering lists/index.html.erb within layouts/application
  [1m[36mList Load (0.4ms)[0m  [1m[34mSELECT "lists".* FROM "lists"[0m
  Rendered lists/index.html.erb within layouts/application (4.8ms)
Completed 200 OK in 104ms (Views: 96.9ms | ActiveRecord: 0.4ms)


